<?xml version="1.0" encoding="UTF-8"?>
<testsuite xmlns:xsi="http://www.w3.org/2001/XMLSchema-instance" xsi:noNamespaceSchemaLocation="https://maven.apache.org/surefire/maven-surefire-plugin/xsd/surefire-test-report-3.0.xsd" version="3.0" name="com.gcp.gcsstoragedemo.GcsStorageDemoApplicationTests" time="4.549" tests="1" errors="0" skipped="0" failures="0">
  <properties>
[...]
</properties>
  <testcase name="contextLoads" classname="com.gcp.gcsstoragedemo.GcsStorageDemoApplicationTests" time="1.258">
    <system-out><![CDATA[Standard Commons Logging discovery in action with spring-jcl: please remove commons-logging.jar from classpath in order to avoid potential conflicts
19:03:10.576 [main] INFO org.springframework.test.context.support.AnnotationConfigContextLoaderUtils -- Could not detect default configuration classes for test class [com.gcp.gcsstoragedemo.GcsStorageDemoApplicationTests]: GcsStorageDemoApplicationTests does not declare any static, non-private, non-final, nested classes annotated with @Configuration.
19:03:10.732 [main] INFO org.springframework.boot.test.context.SpringBootTestContextBootstrapper -- Found @SpringBootConfiguration com.gcp.gcsstoragedemo.GcsStorageDemoApplication for test class com.gcp.gcsstoragedemo.GcsStorageDemoApplicationTests

  .   ____          _            __ _ _
 /\\ / ___'_ __ _ _(_)_ __  __ _ \ \ \ \
( ( )\___ | '_ | '_| | '_ \/ _` | \ \ \ \
 \\/  ___)| |_)| | | | | || (_| |  ) ) ) )
  '  |____| .__|_| |_|_| |_\__, | / / / /
 =========|_|==============|___/=/_/_/_/
 :: Spring Boot ::                (v3.2.5)

2024-05-07T19:03:11.393+05:30  INFO 28996 --- [gcs-storage-demo] [           main] c.g.g.GcsStorageDemoApplicationTests     : Starting GcsStorageDemoApplicationTests using Java 17.0.6 with PID 28996 (started by SAILS-DM316 in C:\code\gcs-storage-demo\gcs-storage-demo)
2024-05-07T19:03:11.397+05:30  INFO 28996 --- [gcs-storage-demo] [           main] c.g.g.GcsStorageDemoApplicationTests     : No active profile set, falling back to 1 default profile: "default"
2024-05-07T19:03:12.760+05:30  INFO 28996 --- [gcs-storage-demo] [           main] c.g.c.s.a.c.GcpContextAutoConfiguration  : The default project ID is interview-builder-dev
2024-05-07T19:03:12.801+05:30  INFO 28996 --- [gcs-storage-demo] [           main] c.g.c.s.core.DefaultCredentialsProvider  : Default credentials provider for user 764086051850-6qr4p6gpi6hn506pt8ejuq83di341hur.apps.googleusercontent.com
2024-05-07T19:03:12.801+05:30  INFO 28996 --- [gcs-storage-demo] [           main] c.g.c.s.core.DefaultCredentialsProvider  : Scopes in use by default credentials: [https://www.googleapis.com/auth/pubsub, https://www.googleapis.com/auth/spanner.admin, https://www.googleapis.com/auth/spanner.data, https://www.googleapis.com/auth/datastore, https://www.googleapis.com/auth/sqlservice.admin, https://www.googleapis.com/auth/devstorage.read_only, https://www.googleapis.com/auth/devstorage.read_write, https://www.googleapis.com/auth/cloudruntimeconfig, https://www.googleapis.com/auth/trace.append, https://www.googleapis.com/auth/cloud-platform, https://www.googleapis.com/auth/cloud-vision, https://www.googleapis.com/auth/bigquery, https://www.googleapis.com/auth/monitoring.write]
2024-05-07T19:03:13.563+05:30  INFO 28996 --- [gcs-storage-demo] [           main] c.g.g.GcsStorageDemoApplicationTests     : Started GcsStorageDemoApplicationTests in 2.582 seconds (process running for 4.112)
]]></system-out>
  </testcase>
</testsuite>